[debug] [2026-05-06T10:12:52.161Z] ----------------------------------------------------------------------
[debug] [2026-05-06T10:12:52.163Z] Command:       /nix/store/ws50yvm6vzlzf7jzz6n7xh4szddrack1-nodejs-20.19.1/bin/node /nix/store/gm9mcvzb17vv8cla08khrg29vxn3sq4r-firebase-tools-15.1.0/lib/node_modules/firebase-tools/lib/bin/firebase.js init hosting
[debug] [2026-05-06T10:12:52.164Z] CLI Version:   15.1.0
[debug] [2026-05-06T10:12:52.164Z] Platform:      linux
[debug] [2026-05-06T10:12:52.164Z] Node Version:  v20.19.1
[debug] [2026-05-06T10:12:52.164Z] Time:          Wed May 06 2026 10:12:52 GMT+0000 (Coordinated Universal Time)
[debug] [2026-05-06T10:12:52.164Z] ----------------------------------------------------------------------
[debug] 
[debug] [2026-05-06T10:12:52.166Z] >>> [apiv2][query] GET https://firebase-public.firebaseio.com/cli.json [none]
[debug] [2026-05-06T10:12:54.695Z] No OAuth tokens found
[debug] [2026-05-06T10:12:54.696Z] No OAuth tokens found
[error] Failed to fetch Firebase Project from current Studio Workspace: Unable to refresh auth: not yet authenticated.
[info] 
     ######## #### ########  ######## ########     ###     ######  ########
     ##        ##  ##     ## ##       ##     ##  ##   ##  ##       ##
     ######    ##  ########  ######   ########  #########  ######  ######
     ##        ##  ##    ##  ##       ##     ## ##     ##       ## ##
     ##       #### ##     ## ######## ########  ##     ##  ######  ########

You're about to initialize a Firebase project in this directory:

  /home/user/SummarEye-MVP

[info] 
=== Project Setup
[info] 
[info] First, let's associate this project directory with a Firebase project.
[info] You can create multiple project aliases by running firebase use --add, 
[info] 
[debug] [2026-05-06T10:12:55.096Z] <<< [apiv2][status] GET https://firebase-public.firebaseio.com/cli.json 200
[debug] [2026-05-06T10:12:55.097Z] <<< [apiv2][body] GET https://firebase-public.firebaseio.com/cli.json {"cloudBuildErrorAfter":1594252800000,"cloudBuildWarnAfter":1590019200000,"defaultNode10After":1594252800000,"minVersion":"3.0.5","node8DeploysDisabledAfter":1613390400000,"node8RuntimeDisabledAfter":1615809600000,"node8WarnAfter":1600128000000}
[debug] [2026-05-06T10:13:02.934Z] > command requires scopes: ["email","openid","https://www.googleapis.com/auth/cloudplatformprojects.readonly","https://www.googleapis.com/auth/firebase","https://www.googleapis.com/auth/cloud-platform","https://www.googleapis.com/auth/userinfo.email"]
[debug] [2026-05-06T10:13:19.890Z] Running auto auth
[debug] [2026-05-06T10:13:19.911Z] No OAuth tokens found
[debug] [2026-05-06T10:13:19.912Z] >>> [apiv2][query] GET https://firebase.googleapis.com/v1beta1/projects pageSize=100
[debug] [2026-05-06T10:13:20.434Z] <<< [apiv2][status] GET https://firebase.googleapis.com/v1beta1/projects 200
[debug] [2026-05-06T10:13:20.434Z] <<< [apiv2][body] GET https://firebase.googleapis.com/v1beta1/projects [omitted]
[info] 
=== Hosting Setup
[debug] [2026-05-06T10:13:29.627Z] No OAuth tokens found
[debug] [2026-05-06T10:13:29.627Z] >>> [apiv2][query] GET https://firebase.googleapis.com/v1beta1/projects/summareye-mvp [none]
[debug] [2026-05-06T10:13:29.890Z] <<< [apiv2][status] GET https://firebase.googleapis.com/v1beta1/projects/summareye-mvp 200
[debug] [2026-05-06T10:13:29.891Z] <<< [apiv2][body] GET https://firebase.googleapis.com/v1beta1/projects/summareye-mvp {"projectId":"summareye-mvp","projectNumber":"575424864207","displayName":"SummarEye-MVP","name":"projects/summareye-mvp","resources":{"hostingSite":"summareye-mvp"},"state":"ACTIVE","etag":"1_88882a73-b2b8-45df-95be-16d5370dd0ac"}
